Build started 11/18/2013 4:08:20 PM.
     1>Project "C:\Users\Xable\Documents\GitHub\Extensions-XableCryptographyObject\Extensions\Template\Template.vcxproj" on node 2 (Build target(s)).
     1>ClCompile:
         C:\Program Files (x86)\Microsoft Visual Studio 11.0\VC\bin\CL.exe /c /I..\..\Inc /I.\ /Zi /nologo /W3 /WX- /O1 /Ob1 /Oy- /D HWABETA /D COXSDK /D IN_EXT_VERSION2 /D _CRT_SECURE_NO_WARNINGS /D _CRT_SECURE_NO_DEPRECATE /D _WINDOWS /D EDITOR /D _VC80_UPGRADE=0x0600 /D _WINDLL /GF /Gm /EHsc /MT /GS /Gy /fp:precise /Zc:wchar_t /Zc:forScope /GR /Fo"Edittime HWA\\" /Fd"Edittime HWA\vc110.pdb" /Gd /TP /analyze- /errorReport:prompt ..\..\Lib\Edif.Edittime.cpp ..\..\Lib\Edif.General.cpp ..\..\Lib\Edif.Runtime.cpp ..\..\Lib\Edif.cpp ..\..\Lib\ObjectSelection.cpp Actions.cpp Conditions.cpp Edittime.cpp Expressions.cpp Extension.cpp General.cpp Runtime.cpp
         Extension.cpp
         Conditions.cpp
         Actions.cpp
         Generating Code...
         Compiling...
         Expressions.cpp
     1>Expressions.cpp(17): warning C4018: '<' : signed/unsigned mismatch
     1>Expressions.cpp(38): warning C4018: '<' : signed/unsigned mismatch
     1>Expressions.cpp(58): warning C4018: '<' : signed/unsigned mismatch
     1>Expressions.cpp(78): warning C4018: '<' : signed/unsigned mismatch
     1>Expressions.cpp(102): warning C4018: '<' : signed/unsigned mismatch
     1>Expressions.cpp(127): warning C4018: '<' : signed/unsigned mismatch
     1>Expressions.cpp(146): warning C4018: '<' : signed/unsigned mismatch
     1>Expressions.cpp(185): warning C4018: '<' : signed/unsigned mismatch
     1>Expressions.cpp(221): warning C4018: '<' : signed/unsigned mismatch
     1>Expressions.cpp(256): warning C4018: '<' : signed/unsigned mismatch
     1>Expressions.cpp(290): warning C4018: '<' : signed/unsigned mismatch
     1>Expressions.cpp(327): warning C4018: '<' : signed/unsigned mismatch
     1>Expressions.cpp(364): warning C4018: '<' : signed/unsigned mismatch
     1>Expressions.cpp(402): warning C4018: '<' : signed/unsigned mismatch
         Edif.General.cpp
         Generating Code...
     1>c:\users\xable\documents\github\extensions-xablecryptographyobject\extensions\template\expressions.cpp(207): warning C4715: 'Extension::DecryptSubstitutionCipher' : not all control paths return a value
         Skipping... (no relevant changes detected)
         Runtime.cpp
         General.cpp
         Edittime.cpp
         ObjectSelection.cpp
         Edif.cpp
         Edif.Runtime.cpp
         Edif.Edittime.cpp
       ResourceCompile:
         C:\Program Files (x86)\Windows Kits\8.0\bin\x86\rc.exe /D NDEBUG /D EDITOR /D _VC80_UPGRADE=0x0600 /l"0x0409" /I..\..\Inc /nologo /fo"Edittime HWA\Ext.res" Ext.rc 
     1>C:\Program Files (x86)\MSBuild\Microsoft.Cpp\v4.0\V110\Microsoft.CppBuild.targets(1137,5): warning MSB8012: TargetPath(C:\Users\Xable\Documents\GitHub\Extensions-XableCryptographyObject\Extensions\Template\Edittime HWA\XableCryptographyObject.mfx) does not match the Linker's OutputFile property value (C:\Users\Xable\Documents\GitHub\Extensions-XableCryptographyObject\Extensions\Template\MFX\Extensions\HWA\XableCryptographyObject.mfx). This may cause your project to build incorrectly. To correct this, please make sure that $(OutDir), $(TargetName) and $(TargetExt) property values match the value specified in %(Link.OutputFile).
       Link:
         C:\Program Files (x86)\Microsoft Visual Studio 11.0\VC\bin\link.exe /ERRORREPORT:PROMPT /OUT:"C:\Users\Xable\Documents\GitHub\Extensions-XableCryptographyObject\Extensions\Template\\MFX\Extensions\HWA\XableCryptographyObject.mfx" /INCREMENTAL:NO /NOLOGO kernel32.lib user32.lib gdi32.lib winspool.lib comdlg32.lib advapi32.lib shell32.lib ole32.lib oleaut32.lib uuid.lib ..\..\lib\mmfs2.lib kernel32.lib user32.lib gdi32.lib winspool.lib comdlg32.lib advapi32.lib shell32.lib ole32.lib oleaut32.lib uuid.lib odbc32.lib odbccp32.lib /DEF:".\Ext.def" /MANIFEST:NO /PDB:"Edittime HWA\Template.pdb" /TLBID:1 /DYNAMICBASE:NO /IMPLIB:"Edittime HWA\Template.lib" /MACHINE:X86 /SAFESEH /DLL "Edittime HWA\Ext.res"
         "Edittime HWA\Actions.obj"
         "Edittime HWA\Conditions.obj"
         "Edittime HWA\Edittime.obj"
         "Edittime HWA\Expressions.obj"
         "Edittime HWA\Extension.obj"
         "Edittime HWA\General.obj"
         "Edittime HWA\Runtime.obj"
         "Edittime HWA\ObjectSelection.obj"
         "Edittime HWA\Edif.obj"
         "Edittime HWA\Edif.Edittime.obj"
         "Edittime HWA\Edif.General.obj"
         "Edittime HWA\Edif.Runtime.obj"
         "Edittime HWA\json.obj"
            Creating library Edittime HWA\Template.lib and object Edittime HWA\Template.exp
         Template.vcxproj -> C:\Users\Xable\Documents\GitHub\Extensions-XableCryptographyObject\Extensions\Template\Edittime HWA\XableCryptographyObject.mfx
       PostBuildEvent:
         ..\AutoInstall.bat C:\Users\Xable\Documents\GitHub\Extensions-XableCryptographyObject\Extensions\Template\Edittime HWA\XableCryptographyObject.mfx \Extensions\HWA
         :VCEnd
         MFX File: C:\Users\Xable\Documents\GitHub\Extensions-XableCryptographyObject\Extensions\Template\Edittime
         MFX Destination: HWA\XableCryptographyObject.mfx
         MMF2 Dev Path: C:\Program Files (x86)\Multimedia Fusion Developer 2
         The system cannot find the file specified.
     1>EXEC : error : The system was unable to find the specified registry key or value.
         You don't have MMF2 Standard
     1>C:\Program Files (x86)\MSBuild\Microsoft.Cpp\v4.0\V110\Microsoft.CppCommon.targets(134,5): error MSB3073: The command "..\AutoInstall.bat C:\Users\Xable\Documents\GitHub\Extensions-XableCryptographyObject\Extensions\Template\Edittime HWA\XableCryptographyObject.mfx \Extensions\HWA
C:\Program Files (x86)\MSBuild\Microsoft.Cpp\v4.0\V110\Microsoft.CppCommon.targets(134,5): error MSB3073: :VCEnd" exited with code -1.
     1>Done Building Project "C:\Users\Xable\Documents\GitHub\Extensions-XableCryptographyObject\Extensions\Template\Template.vcxproj" (Build target(s)) -- FAILED.

Build FAILED.

Time Elapsed 00:00:07.37
