Build started 2/23/2014 4:57:36 AM.
     1>Project "C:\Users\Xable\Documents\GitHub\Extensions-XableCryptographyObject\Extensions\Template\Template.vcxproj" on node 2 (Build target(s)).
     1>ClCompile:
         C:\Program Files (x86)\Microsoft Visual Studio 11.0\VC\bin\CL.exe /c /I..\..\Inc /I.\ /Zi /nologo /W3 /WX- /O1 /Ob1 /Oy- /D COXSDK /D IN_EXT_VERSION2 /D _CRT_SECURE_NO_WARNINGS /D _CRT_SECURE_NO_DEPRECATE /D _WINDOWS /D RUN_ONLY /D _VC80_UPGRADE=0x0600 /D _WINDLL /GF /Gm /EHsc /MT /GS /Gy /fp:precise /Zc:wchar_t /Zc:forScope /GR /Fo"Runtime HWA\\" /Fd"Runtime HWA\vc110.pdb" /Gd /TP /analyze- /errorReport:prompt Expressions.cpp
         Expressions.cpp
     1>C:\Program Files (x86)\MSBuild\Microsoft.Cpp\v4.0\V110\Microsoft.CppBuild.targets(1137,5): warning MSB8012: TargetPath(C:\Users\Xable\Documents\GitHub\Extensions-XableCryptographyObject\Extensions\Template\Runtime HWA\XableCryptographyObject.mfx) does not match the Linker's OutputFile property value (C:\Users\Xable\Documents\GitHub\Extensions-XableCryptographyObject\Extensions\Template\MFX\Data\Runtime\HWA\XableCryptographyObject.mfx). This may cause your project to build incorrectly. To correct this, please make sure that $(OutDir), $(TargetName) and $(TargetExt) property values match the value specified in %(Link.OutputFile).
       Link:
         C:\Program Files (x86)\Microsoft Visual Studio 11.0\VC\bin\link.exe /ERRORREPORT:PROMPT /OUT:"C:\Users\Xable\Documents\GitHub\Extensions-XableCryptographyObject\Extensions\Template\\MFX\Data\Runtime\HWA\XableCryptographyObject.mfx" /INCREMENTAL:NO /NOLOGO kernel32.lib user32.lib gdi32.lib winspool.lib comdlg32.lib advapi32.lib shell32.lib ole32.lib oleaut32.lib uuid.lib ..\..\lib\mmfs2.lib kernel32.lib user32.lib gdi32.lib winspool.lib comdlg32.lib advapi32.lib shell32.lib ole32.lib oleaut32.lib uuid.lib odbc32.lib odbccp32.lib /DEF:".\Ext.def" /MANIFEST:NO /PDB:"Runtime HWA\Template.pdb" /TLBID:1 /DYNAMICBASE:NO /IMPLIB:"Runtime HWA\Template.lib" /MACHINE:X86 /SAFESEH /DLL "Runtime HWA\Ext.res"
         "Runtime HWA\Actions.obj"
         "Runtime HWA\Conditions.obj"
         "Runtime HWA\Edittime.obj"
         "Runtime HWA\Expressions.obj"
         "Runtime HWA\Extension.obj"
         "Runtime HWA\General.obj"
         "Runtime HWA\Runtime.obj"
         "Runtime HWA\ObjectSelection.obj"
         "Runtime HWA\Edif.obj"
         "Runtime HWA\Edif.Edittime.obj"
         "Runtime HWA\Edif.General.obj"
         "Runtime HWA\Edif.Runtime.obj"
         "Runtime HWA\json.obj"
            Creating library Runtime HWA\Template.lib and object Runtime HWA\Template.exp
         Template.vcxproj -> C:\Users\Xable\Documents\GitHub\Extensions-XableCryptographyObject\Extensions\Template\Runtime HWA\XableCryptographyObject.mfx
       PostBuildEvent:
         ..\AutoInstall.bat C:\Users\Xable\Documents\GitHub\Extensions-XableCryptographyObject\Extensions\Template\Runtime HWA\XableCryptographyObject.mfx \Data\Runtime\HWA
         :VCEnd
         MFX File: C:\Users\Xable\Documents\GitHub\Extensions-XableCryptographyObject\Extensions\Template\Runtime
         MFX Destination: HWA\XableCryptographyObject.mfx
         MMF2 Dev Path: C:\Program Files (x86)\Multimedia Fusion Developer 2
         The system cannot find the file specified.
     1>EXEC : error : The system was unable to find the specified registry key or value.
         You don't have MMF2 Standard
     1>C:\Program Files (x86)\MSBuild\Microsoft.Cpp\v4.0\V110\Microsoft.CppCommon.targets(134,5): error MSB3073: The command "..\AutoInstall.bat C:\Users\Xable\Documents\GitHub\Extensions-XableCryptographyObject\Extensions\Template\Runtime HWA\XableCryptographyObject.mfx \Data\Runtime\HWA
C:\Program Files (x86)\MSBuild\Microsoft.Cpp\v4.0\V110\Microsoft.CppCommon.targets(134,5): error MSB3073: :VCEnd" exited with code -1.
     1>Done Building Project "C:\Users\Xable\Documents\GitHub\Extensions-XableCryptographyObject\Extensions\Template\Template.vcxproj" (Build target(s)) -- FAILED.

Build FAILED.

Time Elapsed 00:00:01.99
