Build started 2/23/2014 4:57:38 AM.
     1>Project "C:\Users\Xable\Documents\GitHub\Extensions-XableCryptographyObject\Extensions\Template\Template.vcxproj" on node 2 (Build target(s)).
     1>ClCompile:
         C:\Program Files (x86)\Microsoft Visual Studio 11.0\VC\bin\CL.exe /c /I..\..\Inc /I.\ /Zi /nologo /W3 /WX- /O1 /Ob1 /Oy- /D COXSDK /D IN_EXT_VERSION2 /D _CRT_SECURE_NO_WARNINGS /D _CRT_SECURE_NO_DEPRECATE /D _WINDOWS /D EDITOR /D _VC80_UPGRADE=0x0600 /D _WINDLL /D _UNICODE /D UNICODE /GF /Gm /EHsc /MT /GS /Gy /fp:precise /Zc:wchar_t /Zc:forScope /GR /Fo".\ReleaseEditorUnicode\\" /Fd".\ReleaseEditorUnicode\vc110.pdb" /Gd /TP /analyze- /errorReport:prompt Expressions.cpp
         Expressions.cpp
     1>C:\Program Files (x86)\MSBuild\Microsoft.Cpp\v4.0\V110\Microsoft.CppBuild.targets(1137,5): warning MSB8012: TargetPath(C:\Users\Xable\Documents\GitHub\Extensions-XableCryptographyObject\Extensions\Template\.\ReleaseEditorUnicode\XableCryptographyObject.mfx) does not match the Linker's OutputFile property value (C:\Users\Xable\Documents\GitHub\Extensions-XableCryptographyObject\Extensions\Template\MFX\Extensions\Unicode\XableCryptographyObject.mfx). This may cause your project to build incorrectly. To correct this, please make sure that $(OutDir), $(TargetName) and $(TargetExt) property values match the value specified in %(Link.OutputFile).
       Link:
         C:\Program Files (x86)\Microsoft Visual Studio 11.0\VC\bin\link.exe /ERRORREPORT:PROMPT /OUT:"C:\Users\Xable\Documents\GitHub\Extensions-XableCryptographyObject\Extensions\Template\\MFX\Extensions\Unicode\XableCryptographyObject.mfx" /INCREMENTAL:NO /NOLOGO kernel32.lib user32.lib gdi32.lib winspool.lib comdlg32.lib advapi32.lib shell32.lib ole32.lib oleaut32.lib uuid.lib ..\..\lib\mmfs2u.lib kernel32.lib user32.lib gdi32.lib winspool.lib comdlg32.lib advapi32.lib shell32.lib ole32.lib oleaut32.lib uuid.lib odbc32.lib odbccp32.lib /DEF:".\Ext.def" /MANIFEST:NO /PDB:".\ReleaseEditorUnicode\Template.pdb" /TLBID:1 /DYNAMICBASE:NO /IMPLIB:".\ReleaseEditorUnicode\Template.lib" /MACHINE:X86 /SAFESEH /DLL .\ReleaseEditorUnicode\Ext.res
         .\ReleaseEditorUnicode\Actions.obj
         .\ReleaseEditorUnicode\Conditions.obj
         .\ReleaseEditorUnicode\Edittime.obj
         .\ReleaseEditorUnicode\Expressions.obj
         .\ReleaseEditorUnicode\Extension.obj
         .\ReleaseEditorUnicode\General.obj
         .\ReleaseEditorUnicode\Runtime.obj
         .\ReleaseEditorUnicode\ObjectSelection.obj
         .\ReleaseEditorUnicode\Edif.obj
         .\ReleaseEditorUnicode\Edif.Edittime.obj
         .\ReleaseEditorUnicode\Edif.General.obj
         .\ReleaseEditorUnicode\Edif.Runtime.obj
         .\ReleaseEditorUnicode\json.obj
            Creating library .\ReleaseEditorUnicode\Template.lib and object .\ReleaseEditorUnicode\Template.exp
         Template.vcxproj -> C:\Users\Xable\Documents\GitHub\Extensions-XableCryptographyObject\Extensions\Template\.\ReleaseEditorUnicode\XableCryptographyObject.mfx
       PostBuildEvent:
         ..\AutoInstall.bat C:\Users\Xable\Documents\GitHub\Extensions-XableCryptographyObject\Extensions\Template\.\ReleaseEditorUnicode\XableCryptographyObject.mfx \Extensions\Unicode
         :VCEnd
         MFX File: C:\Users\Xable\Documents\GitHub\Extensions-XableCryptographyObject\Extensions\Template\.\ReleaseEditorUnicode\XableCryptographyObject.mfx
         MFX Destination: \Extensions\Unicode
         MMF2 Dev Path: C:\Program Files (x86)\Multimedia Fusion Developer 2
         The system cannot find the file specified.
     1>EXEC : error : The system was unable to find the specified registry key or value.
         You don't have MMF2 Standard
     1>C:\Program Files (x86)\MSBuild\Microsoft.Cpp\v4.0\V110\Microsoft.CppCommon.targets(134,5): error MSB3073: The command "..\AutoInstall.bat C:\Users\Xable\Documents\GitHub\Extensions-XableCryptographyObject\Extensions\Template\.\ReleaseEditorUnicode\XableCryptographyObject.mfx \Extensions\Unicode
C:\Program Files (x86)\MSBuild\Microsoft.Cpp\v4.0\V110\Microsoft.CppCommon.targets(134,5): error MSB3073: :VCEnd" exited with code -1.
     1>Done Building Project "C:\Users\Xable\Documents\GitHub\Extensions-XableCryptographyObject\Extensions\Template\Template.vcxproj" (Build target(s)) -- FAILED.

Build FAILED.

Time Elapsed 00:00:02.17
